[2025-11-24T13:02:29.730Z] [INFO] 2025-11-24T13:02:29.730Z - GET /favicon.ico
[2025-11-24T13:03:24.355Z] [INFO] 2025-11-24T13:03:24.355Z - GET /
[2025-11-24T13:03:24.532Z] [INFO] 2025-11-24T13:03:24.532Z - GET /favicon.ico
[2025-11-24T13:04:20.238Z] [INFO] 2025-11-24T13:04:20.238Z - POST /api/auth/login
[2025-11-24T13:04:21.194Z] [INFO] 2025-11-24T13:04:21.194Z - GET /api/sessions/today
[2025-11-24T13:05:03.527Z] [INFO] 2025-11-24T13:05:03.527Z - POST /api/auth/login
[2025-11-24T13:05:04.030Z] [INFO] 2025-11-24T13:05:04.030Z - GET /api/admin/dashboard
[2025-11-24T13:05:34.327Z] [INFO] 2025-11-24T13:05:34.327Z - GET /api/admin/dashboard
[2025-11-24T13:06:04.363Z] [INFO] 2025-11-24T13:06:04.363Z - GET /api/admin/dashboard
[2025-11-24T13:06:10.067Z] [INFO] 2025-11-24T13:06:10.067Z - GET /api/admin/backups
[2025-11-24T13:06:22.587Z] [INFO] 2025-11-24T13:06:22.587Z - GET /api/centers
[2025-11-24T13:06:22.597Z] [INFO] 2025-11-24T13:06:22.597Z - GET /api/admin/users
[2025-11-24T13:06:22.611Z] [INFO] 2025-11-24T13:06:22.611Z - GET /api/admin/attendance
[2025-11-24T13:06:22.615Z] [INFO] 2025-11-24T13:06:22.615Z - GET /api/admin/sessions
[2025-11-24T13:06:22.695Z] [INFO] 2025-11-24T13:06:22.695Z - GET /api/admin/users
[2025-11-24T13:06:51.286Z] [INFO] 2025-11-24T13:06:51.286Z - GET /api/admin/users
[2025-11-24T13:06:51.301Z] [INFO] 2025-11-24T13:06:51.301Z - GET /api/admin/audit-logs
[2025-11-24T13:06:51.311Z] [INFO] 2025-11-24T13:06:51.311Z - GET /api/admin/audit-logs
[2025-11-24T13:07:04.407Z] [INFO] 2025-11-24T13:07:04.407Z - GET /api/centers
[2025-11-24T13:07:18.920Z] [INFO] 2025-11-24T13:07:18.920Z - DELETE /api/centers/1
[2025-11-24T13:07:18.956Z] [INFO] 2025-11-24T13:07:18.956Z - GET /api/centers
[2025-11-24T13:07:21.414Z] [INFO] 2025-11-24T13:07:21.414Z - DELETE /api/centers/3
[2025-11-24T13:07:21.451Z] [INFO] 2025-11-24T13:07:21.451Z - GET /api/centers
[2025-11-24T13:07:25.800Z] [INFO] 2025-11-24T13:07:25.800Z - DELETE /api/centers/2
[2025-11-24T13:07:25.829Z] [INFO] 2025-11-24T13:07:25.829Z - GET /api/centers
[2025-11-24T13:10:43.234Z] [INFO] 2025-11-24T13:10:43.234Z - POST /api/centers
[2025-11-24T13:10:43.263Z] [INFO] 2025-11-24T13:10:43.263Z - GET /api/centers
[2025-11-24T13:10:56.015Z] [INFO] 2025-11-24T13:10:56.015Z - GET /api/admin/dashboard
[2025-11-24T13:11:04.485Z] [INFO] 2025-11-24T13:11:04.485Z - GET /api/centers
[2025-11-24T13:11:04.491Z] [INFO] 2025-11-24T13:11:04.491Z - GET /api/admin/users
[2025-11-24T13:11:04.502Z] [INFO] 2025-11-24T13:11:04.502Z - GET /api/admin/sessions
[2025-11-24T13:11:49.270Z] [INFO] 2025-11-24T13:11:49.269Z - POST /api/admin/sessions
[2025-11-24T13:11:49.298Z] [INFO] 2025-11-24T13:11:49.298Z - GET /api/admin/sessions
[2025-11-24T13:12:09.403Z] [INFO] 2025-11-24T13:12:09.402Z - GET /api/sessions/today
[2025-11-24T13:12:13.446Z] [INFO] 2025-11-24T13:12:13.446Z - GET /api/sessions/today
[2025-11-24T13:12:13.498Z] [INFO] 2025-11-24T13:12:13.498Z - POST /api/auth/refresh
[2025-11-24T13:12:13.541Z] [INFO] 2025-11-24T13:12:13.541Z - GET /api/sessions/today
[2025-11-24T13:12:17.276Z] [INFO] 2025-11-24T13:12:17.276Z - GET /api/sessions/1
[2025-11-24T13:12:24.927Z] [INFO] 2025-11-24T13:12:24.927Z - POST /api/attendance/record
[2025-11-24T13:12:27.340Z] [INFO] 2025-11-24T13:12:27.340Z - GET /api/sessions/today
[2025-11-24T13:14:00.885Z] [INFO] 2025-11-24T13:14:00.885Z - POST /api/auth/login
[2025-11-24T13:14:01.314Z] [INFO] 2025-11-24T13:14:01.314Z - GET /api/admin/dashboard
[2025-11-24T13:14:18.028Z] [INFO] 2025-11-24T13:14:18.028Z - GET /api/centers
[2025-11-24T13:14:18.037Z] [INFO] 2025-11-24T13:14:18.036Z - GET /api/admin/users
[2025-11-24T13:14:18.053Z] [INFO] 2025-11-24T13:14:18.053Z - GET /api/admin/sessions
[2025-11-24T13:14:18.073Z] [INFO] 2025-11-24T13:14:18.073Z - GET /api/admin/attendance
[2025-11-24T13:14:18.082Z] [INFO] 2025-11-24T13:14:18.082Z - GET /api/admin/users
[2025-11-24T13:14:38.113Z] [INFO] 2025-11-24T13:14:38.113Z - GET /api/admin/dashboard
[2025-11-24T13:15:08.223Z] [INFO] 2025-11-24T13:15:08.223Z - GET /api/admin/dashboard
[2025-11-24T13:15:38.226Z] [INFO] 2025-11-24T13:15:38.226Z - GET /api/admin/dashboard
[2025-11-24T13:16:08.245Z] [INFO] 2025-11-24T13:16:08.245Z - GET /api/admin/dashboard
[2025-11-24T13:26:33.187Z] [INFO] 2025-11-24T13:26:33.187Z - POST /api/auth/login
[2025-11-24T13:26:33.535Z] [INFO] 2025-11-24T13:26:33.535Z - GET /api/admin/dashboard
[2025-11-24T13:26:37.900Z] [INFO] 2025-11-24T13:26:37.900Z - GET /api/centers
[2025-11-24T13:26:37.904Z] [INFO] 2025-11-24T13:26:37.904Z - GET /api/admin/users
[2025-11-24T13:26:37.952Z] [INFO] 2025-11-24T13:26:37.952Z - GET /api/admin/sessions
[2025-11-24T13:26:37.992Z] [INFO] 2025-11-24T13:26:37.992Z - GET /api/admin/users
[2025-11-24T13:26:37.996Z] [INFO] 2025-11-24T13:26:37.996Z - GET /api/admin/attendance
[2025-11-24T13:26:46.327Z] [INFO] 2025-11-24T13:26:46.327Z - GET /api/admin/users
[2025-11-24T13:26:46.360Z] [INFO] 2025-11-24T13:26:46.360Z - GET /api/admin/audit-logs
[2025-11-24T13:26:46.366Z] [INFO] 2025-11-24T13:26:46.366Z - GET /api/admin/audit-logs
[2025-11-24T13:27:48.619Z] [INFO] 2025-11-24T13:27:48.619Z - GET /api/admin/audit-logs
[2025-11-24T13:28:43.110Z] [INFO] 2025-11-24T13:28:43.110Z - GET /api/centers
[2025-11-24T13:28:52.298Z] [INFO] 2025-11-24T13:28:52.298Z - GET /api/admin/dashboard
[2025-11-24T13:29:22.342Z] [INFO] 2025-11-24T13:29:22.342Z - GET /api/admin/dashboard
[2025-11-24T13:29:52.355Z] [INFO] 2025-11-24T13:29:52.355Z - GET /api/admin/dashboard
[2025-11-24T13:30:22.369Z] [INFO] 2025-11-24T13:30:22.368Z - GET /api/admin/dashboard
[2025-11-24T13:30:52.357Z] [INFO] 2025-11-24T13:30:52.357Z - GET /api/admin/dashboard
[2025-11-24T13:31:22.387Z] [INFO] 2025-11-24T13:31:22.386Z - GET /api/admin/dashboard
[2025-11-24T13:31:52.416Z] [INFO] 2025-11-24T13:31:52.416Z - GET /api/admin/dashboard
[2025-11-24T13:32:22.412Z] [INFO] 2025-11-24T13:32:22.412Z - GET /api/admin/dashboard
[2025-11-24T13:32:53.269Z] [INFO] 2025-11-24T13:32:53.269Z - GET /api/admin/dashboard
[2025-11-24T13:33:11.353Z] [INFO] 2025-11-24T13:33:11.353Z - GET /api/admin/users
[2025-11-24T13:33:19.477Z] [INFO] 2025-11-24T13:33:19.477Z - GET /api/admin/users/3
[2025-11-24T13:33:27.494Z] [INFO] 2025-11-24T13:33:27.494Z - GET /api/admin/users/1
[2025-11-24T13:33:31.690Z] [INFO] 2025-11-24T13:33:31.690Z - GET /api/admin/users/2
[2025-11-24T13:33:53.919Z] [INFO] 2025-11-24T13:33:53.919Z - DELETE /api/admin/users/3
[2025-11-24T13:33:53.951Z] [INFO] 2025-11-24T13:33:53.951Z - GET /api/admin/users
[2025-11-24T13:33:57.207Z] [INFO] 2025-11-24T13:33:57.207Z - GET /api/admin/users/2
[2025-11-24T13:34:03.224Z] [INFO] 2025-11-24T13:34:03.224Z - DELETE /api/admin/users/5
[2025-11-24T13:34:03.247Z] [INFO] 2025-11-24T13:34:03.247Z - GET /api/admin/users
[2025-11-24T13:34:06.014Z] [INFO] 2025-11-24T13:34:06.014Z - DELETE /api/admin/users/4
[2025-11-24T13:34:06.046Z] [INFO] 2025-11-24T13:34:06.046Z - GET /api/admin/users
[2025-11-24T13:36:18.054Z] [INFO] 2025-11-24T13:36:18.054Z - POST /api/admin/users
[2025-11-24T13:36:18.273Z] [INFO] 2025-11-24T13:36:18.273Z - GET /api/admin/users
[2025-11-24T13:37:03.747Z] [INFO] 2025-11-24T13:37:03.747Z - POST /api/admin/users
[2025-11-24T13:37:03.941Z] [INFO] 2025-11-24T13:37:03.941Z - GET /api/admin/users
[2025-11-24T13:38:12.958Z] [INFO] 2025-11-24T13:38:12.958Z - POST /api/admin/users
[2025-11-24T13:38:13.128Z] [INFO] 2025-11-24T13:38:13.128Z - GET /api/admin/users
[2025-11-24T13:38:51.806Z] [INFO] 2025-11-24T13:38:51.806Z - POST /api/admin/users
[2025-11-24T13:38:51.973Z] [INFO] 2025-11-24T13:38:51.973Z - GET /api/admin/users
[2025-11-24T13:44:58.141Z] [INFO] 2025-11-24T13:44:58.141Z - GET /api/admin/dashboard
[2025-11-24T13:45:03.645Z] [INFO] 2025-11-24T13:45:03.645Z - GET /api/centers
[2025-11-24T13:45:03.663Z] [INFO] 2025-11-24T13:45:03.663Z - GET /api/admin/users
[2025-11-24T13:45:03.671Z] [INFO] 2025-11-24T13:45:03.671Z - GET /api/admin/attendance
[2025-11-24T13:45:03.698Z] [INFO] 2025-11-24T13:45:03.698Z - GET /api/admin/sessions
[2025-11-24T13:45:03.704Z] [INFO] 2025-11-24T13:45:03.704Z - GET /api/admin/users
[2025-11-24T13:45:10.404Z] [INFO] 2025-11-24T13:45:10.404Z - GET /api/admin/users
[2025-11-24T13:45:15.789Z] [INFO] 2025-11-24T13:45:15.789Z - GET /api/admin/users
[2025-11-24T13:45:15.814Z] [INFO] 2025-11-24T13:45:15.813Z - GET /api/admin/audit-logs
[2025-11-24T13:45:15.827Z] [INFO] 2025-11-24T13:45:15.826Z - GET /api/admin/audit-logs
[2025-11-24T13:45:15.918Z] [INFO] 2025-11-24T13:45:15.918Z - GET /api/admin/audit-logs
[2025-11-24T13:45:30.782Z] [INFO] 2025-11-24T13:45:30.782Z - GET /api/admin/users
[2025-11-24T13:45:36.843Z] [INFO] 2025-11-24T13:45:36.843Z - GET /api/admin/users/7
[2025-11-24T13:45:43.015Z] [INFO] 2025-11-24T13:45:43.015Z - PUT /api/admin/users/7
[2025-11-24T13:45:43.051Z] [INFO] 2025-11-24T13:45:43.051Z - GET /api/admin/users
[2025-11-24T13:45:46.161Z] [INFO] 2025-11-24T13:45:46.161Z - GET /api/admin/users
[2025-11-24T13:45:46.171Z] [INFO] 2025-11-24T13:45:46.171Z - GET /api/admin/audit-logs
[2025-11-24T13:45:46.174Z] [INFO] 2025-11-24T13:45:46.174Z - GET /api/admin/audit-logs
[2025-11-24T13:45:46.276Z] [INFO] 2025-11-24T13:45:46.276Z - GET /api/admin/audit-logs
